<?xml version="1.0" encoding="UTF-8"?>
<!-- Generated by org.testng.reporters.JUnitReportReporter -->
<testsuite skipped="0" hostname="Lenovo" name="org.unit.testing.TestJava" tests="3" failures="0" timestamp="11 Dec 2020 11:41:32 GMT" time="0.087" errors="0">
  <testcase name="tca" time="0.000" classname="org.unit.testing.TestJava"/>
  <testcase name="tcd" time="0.016" classname="org.unit.testing.TestJava"/>
  <testcase name="tc1" time="0.071" classname="org.unit.testing.TestJava"/>
</testsuite> <!-- org.unit.testing.TestJava -->
